	.text
	.syntax unified
	.eabi_attribute	67, "2.09"	@ Tag_conformance
	.cpu	cortex-m23
	.eabi_attribute	6, 16	@ Tag_CPU_arch
	.eabi_attribute	7, 77	@ Tag_CPU_arch_profile
	.eabi_attribute	8, 0	@ Tag_ARM_ISA_use
	.eabi_attribute	9, 3	@ Tag_THUMB_ISA_use
	.eabi_attribute	34, 0	@ Tag_CPU_unaligned_access
	.eabi_attribute	17, 1	@ Tag_ABI_PCS_GOT_use
	.eabi_attribute	20, 2	@ Tag_ABI_FP_denormal
	.eabi_attribute	21, 0	@ Tag_ABI_FP_exceptions
	.eabi_attribute	23, 1	@ Tag_ABI_FP_number_model
	.eabi_attribute	24, 1	@ Tag_ABI_align_needed
	.eabi_attribute	25, 1	@ Tag_ABI_align_preserved
	.eabi_attribute	38, 1	@ Tag_ABI_FP_16bit_format
	.eabi_attribute	18, 2	@ Tag_ABI_PCS_wchar_t
	.eabi_attribute	26, 1	@ Tag_ABI_enum_size
	.eabi_attribute	14, 0	@ Tag_ABI_PCS_R9_use
	.file	"fmc_user.c"
	.file	1 "C:\\Keil_v5\\ARM\\ARMCLANG\\Bin\\..\\include" "stdint.h"
	.file	2 "D:\\Github Projeleri\\Bootloader\\Nuvoton\\KEIL" "../fmc_user.c"
	.file	3 "D:/Software Tools/Keil/Nuvoton/Library/Device/Nuvoton/M251/Include" "fmc_reg.h"
	.section	.text.FMC_Proc,"ax",%progbits
	.hidden	FMC_Proc                        @ -- Begin function FMC_Proc
	.globl	FMC_Proc
	.p2align	2
	.type	FMC_Proc,%function
	.code	16                              @ @FMC_Proc
	.thumb_func
FMC_Proc:
.Lfunc_begin0:
	.loc	2 14 0                          @ ../fmc_user.c:14:0
	.fnstart
	.cfi_sections .debug_frame
	.cfi_startproc
@ %bb.0:
	@DEBUG_VALUE: FMC_Proc:u32Cmd <- $r0
	@DEBUG_VALUE: FMC_Proc:addr_start <- $r1
	@DEBUG_VALUE: FMC_Proc:addr_end <- $r2
	@DEBUG_VALUE: FMC_Proc:data <- $r3
	.save	{r4, r5, r6, r7, lr}
	.pad	#4
	push	{r3, r4, r5, r6, r7, lr}
	.cfi_def_cfa_offset 24
	.cfi_offset lr, -4
	.cfi_offset r7, -8
	.cfi_offset r6, -12
	.cfi_offset r5, -16
	.cfi_offset r4, -20
	mov	r4, r0
.Ltmp0:
	@DEBUG_VALUE: FMC_Proc:u32Cmd <- $r4
	ldr	r5, __arm_cp.0_0
.Ltmp1:
	@DEBUG_VALUE: FMC_Proc:u32Addr <- undef
	movs	r0, #0
	str	r0, [sp]                        @ 4-byte Spill
	movs	r6, #1
.Ltmp2:
.LBB0_1:                                @ =>This Loop Header: Depth=1
                                        @     Child Loop BB0_5 Depth 2
	@DEBUG_VALUE: FMC_Proc:u32Cmd <- $r4
	@DEBUG_VALUE: FMC_Proc:data <- $r3
	@DEBUG_VALUE: FMC_Proc:addr_end <- $r2
	@DEBUG_VALUE: FMC_Proc:data <- $r3
	@DEBUG_VALUE: FMC_Proc:u32Addr <- $r1
	.loc	2 17 5 prologue_end             @ ../fmc_user.c:17:5
	cmp	r1, r2
	bhs	.LBB0_12
.Ltmp3:
@ %bb.2:                                @   in Loop: Header=BB0_1 Depth=1
	@DEBUG_VALUE: FMC_Proc:u32Addr <- $r1
	@DEBUG_VALUE: FMC_Proc:u32Cmd <- $r4
	@DEBUG_VALUE: FMC_Proc:data <- $r3
	@DEBUG_VALUE: FMC_Proc:addr_end <- $r2
	.loc	2 19 21                         @ ../fmc_user.c:19:21
	str	r4, [r5, #12]
	.loc	2 20 22                         @ ../fmc_user.c:20:22
	str	r1, [r5, #4]
	.loc	2 22 13                         @ ../fmc_user.c:22:13
	cmp	r4, #33
	bne	.LBB0_4
.Ltmp4:
@ %bb.3:                                @   in Loop: Header=BB0_1 Depth=1
	@DEBUG_VALUE: FMC_Proc:u32Addr <- $r1
	@DEBUG_VALUE: FMC_Proc:u32Cmd <- $r4
	@DEBUG_VALUE: FMC_Proc:data <- $r3
	@DEBUG_VALUE: FMC_Proc:addr_end <- $r2
	.loc	2 24 27                         @ ../fmc_user.c:24:27
	ldr	r7, [r3]
	.loc	2 24 25 is_stmt 0               @ ../fmc_user.c:24:25
	str	r7, [r5, #8]
.Ltmp5:
.LBB0_4:                                @   in Loop: Header=BB0_1 Depth=1
	@DEBUG_VALUE: FMC_Proc:u32Addr <- $r1
	@DEBUG_VALUE: FMC_Proc:u32Cmd <- $r4
	@DEBUG_VALUE: FMC_Proc:data <- $r3
	@DEBUG_VALUE: FMC_Proc:addr_end <- $r2
	.loc	2 27 21 is_stmt 1               @ ../fmc_user.c:27:21
	str	r6, [r5, #16]
	.loc	2 28 9                          @ ../fmc_user.c:28:9
	isb	sy
.Ltmp6:
.LBB0_5:                                @   Parent Loop BB0_1 Depth=1
                                        @ =>  This Inner Loop Header: Depth=2
	@DEBUG_VALUE: FMC_Proc:u32Addr <- $r1
	@DEBUG_VALUE: FMC_Proc:u32Cmd <- $r4
	@DEBUG_VALUE: FMC_Proc:data <- $r3
	@DEBUG_VALUE: FMC_Proc:addr_end <- $r2
	.loc	2 30 21                         @ ../fmc_user.c:30:21
	ldr	r7, [r5, #16]
	.loc	2 30 9 is_stmt 0                @ ../fmc_user.c:30:9
	lsls	r7, r7, #31
	bne	.LBB0_5
.Ltmp7:
@ %bb.6:                                @   in Loop: Header=BB0_1 Depth=1
	@DEBUG_VALUE: FMC_Proc:u32Addr <- $r1
	@DEBUG_VALUE: FMC_Proc:u32Cmd <- $r4
	@DEBUG_VALUE: FMC_Proc:data <- $r3
	@DEBUG_VALUE: FMC_Proc:addr_end <- $r2
	.loc	2 34 20 is_stmt 1               @ ../fmc_user.c:34:20
	ldr	r7, [r5]
.Ltmp8:
	@DEBUG_VALUE: Reg <- $r7
	.loc	2 36 13                         @ ../fmc_user.c:36:13
	lsls	r0, r7, #25
	bmi	.LBB0_13
.Ltmp9:
@ %bb.7:                                @   in Loop: Header=BB0_1 Depth=1
	@DEBUG_VALUE: Reg <- $r7
	@DEBUG_VALUE: FMC_Proc:u32Addr <- $r1
	@DEBUG_VALUE: FMC_Proc:u32Cmd <- $r4
	@DEBUG_VALUE: FMC_Proc:data <- $r3
	@DEBUG_VALUE: FMC_Proc:addr_end <- $r2
	.loc	2 42 13                         @ ../fmc_user.c:42:13
	cmp	r4, #34
	bne	.LBB0_9
.Ltmp10:
@ %bb.8:                                @   in Loop: Header=BB0_1 Depth=1
	@DEBUG_VALUE: Reg <- $r7
	@DEBUG_VALUE: FMC_Proc:u32Addr <- $r1
	@DEBUG_VALUE: FMC_Proc:u32Cmd <- $r4
	@DEBUG_VALUE: FMC_Proc:data <- $r3
	@DEBUG_VALUE: FMC_Proc:addr_end <- $r2
	.loc	2 49 21                         @ ../fmc_user.c:49:21
	movw	r0, #512
	adds	r1, r1, r0
.Ltmp11:
	@DEBUG_VALUE: FMC_Proc:addr_start <- [DW_OP_LLVM_entry_value 1] $r1
	@DEBUG_VALUE: FMC_Proc:u32Addr <- $r1
	.loc	2 0 21 is_stmt 0                @ ../fmc_user.c:0:21
	b	.LBB0_1
.Ltmp12:
.LBB0_9:                                @   in Loop: Header=BB0_1 Depth=1
	@DEBUG_VALUE: Reg <- $r7
	@DEBUG_VALUE: FMC_Proc:u32Addr <- $r1
	@DEBUG_VALUE: FMC_Proc:u32Cmd <- $r4
	@DEBUG_VALUE: FMC_Proc:data <- $r3
	@DEBUG_VALUE: FMC_Proc:addr_end <- $r2
	.loc	2 42 13 is_stmt 1               @ ../fmc_user.c:42:13
	cbnz	r4, .LBB0_11
.Ltmp13:
@ %bb.10:                               @   in Loop: Header=BB0_1 Depth=1
	@DEBUG_VALUE: Reg <- $r7
	@DEBUG_VALUE: FMC_Proc:u32Addr <- $r1
	@DEBUG_VALUE: FMC_Proc:u32Cmd <- $r4
	@DEBUG_VALUE: FMC_Proc:data <- $r3
	@DEBUG_VALUE: FMC_Proc:addr_end <- $r2
	.loc	2 44 26                         @ ../fmc_user.c:44:26
	ldr	r0, [r5, #8]
	.loc	2 44 19 is_stmt 0               @ ../fmc_user.c:44:19
	str	r0, [r3]
.Ltmp14:
.LBB0_11:                               @   in Loop: Header=BB0_1 Depth=1
	@DEBUG_VALUE: Reg <- $r7
	@DEBUG_VALUE: FMC_Proc:u32Addr <- $r1
	@DEBUG_VALUE: FMC_Proc:u32Cmd <- $r4
	@DEBUG_VALUE: FMC_Proc:data <- $r3
	@DEBUG_VALUE: FMC_Proc:addr_end <- $r2
	.loc	2 54 17 is_stmt 1               @ ../fmc_user.c:54:17
	adds	r3, r3, #4
.Ltmp15:
	@DEBUG_VALUE: FMC_Proc:data <- $r3
	.loc	2 53 21                         @ ../fmc_user.c:53:21
	adds	r1, r1, #4
.Ltmp16:
	@DEBUG_VALUE: FMC_Proc:addr_start <- [DW_OP_LLVM_entry_value 1] $r1
	@DEBUG_VALUE: FMC_Proc:u32Addr <- $r1
	.loc	2 0 21 is_stmt 0                @ ../fmc_user.c:0:21
	b	.LBB0_1
.Ltmp17:
.LBB0_12:
	@DEBUG_VALUE: FMC_Proc:u32Addr <- $r1
	@DEBUG_VALUE: FMC_Proc:u32Cmd <- $r4
	@DEBUG_VALUE: FMC_Proc:data <- $r3
	@DEBUG_VALUE: FMC_Proc:addr_end <- $r2
	ldr	r0, [sp]                        @ 4-byte Reload
	.loc	2 59 1 is_stmt 1                @ ../fmc_user.c:59:1
	pop	{r3, r4, r5, r6, r7, pc}
.Ltmp18:
.LBB0_13:
	@DEBUG_VALUE: Reg <- $r7
	@DEBUG_VALUE: FMC_Proc:u32Addr <- $r1
	@DEBUG_VALUE: FMC_Proc:u32Cmd <- $r4
	@DEBUG_VALUE: FMC_Proc:data <- $r3
	@DEBUG_VALUE: FMC_Proc:addr_end <- $r2
	.loc	2 38 25                         @ ../fmc_user.c:38:25
	str	r7, [r5]
	movs	r0, #0
	mvns	r0, r0
.Ltmp19:
	@DEBUG_VALUE: FMC_Proc:u32Addr <- undef
	@DEBUG_VALUE: FMC_Proc:data <- undef
	.loc	2 59 1                          @ ../fmc_user.c:59:1
	pop	{r3, r4, r5, r6, r7, pc}
.Ltmp20:
	.p2align	2
@ %bb.14:
	.loc	2 0 1 is_stmt 0                 @ ../fmc_user.c:0:1
__arm_cp.0_0:
	.long	1073790976                      @ 0x4000c000
.Lcpi_end0:
	.size	__arm_cp.0_0, .Lcpi_end0-__arm_cp.0_0
.Lfunc_end0:
	.size	FMC_Proc, .Lfunc_end0-FMC_Proc
	.cfi_endproc
	.cantunwind
	.fnend
                                        @ -- End function
	.section	.text.FMC_Write_User,"ax",%progbits
	.hidden	FMC_Write_User                  @ -- Begin function FMC_Write_User
	.globl	FMC_Write_User
	.p2align	1
	.type	FMC_Write_User,%function
	.code	16                              @ @FMC_Write_User
	.thumb_func
FMC_Write_User:
.Lfunc_begin1:
	.loc	2 76 0 is_stmt 1                @ ../fmc_user.c:76:0
	.fnstart
	.cfi_startproc
@ %bb.0:
	@DEBUG_VALUE: FMC_Write_User:u32Addr <- $r0
	@DEBUG_VALUE: FMC_Write_User:u32Data <- $r1
	.save	{r4, lr}
	.pad	#8
	push	{r2, r3, r4, lr}
	.cfi_def_cfa_offset 16
	.cfi_offset lr, -4
	.cfi_offset r4, -8
	mov	r4, r0
.Ltmp21:
	@DEBUG_VALUE: FMC_Write_User:u32Addr <- $r4
	str	r1, [sp, #4]
.Ltmp22:
	@DEBUG_VALUE: FMC_Write_User:u32Data <- [DW_OP_plus_uconst 4, DW_OP_deref] $sp
	.loc	2 77 58 prologue_end            @ ../fmc_user.c:77:58
	adds	r2, r0, #4
	movs	r0, #33
	add	r3, sp, #4
	.loc	2 77 12 is_stmt 0               @ ../fmc_user.c:77:12
	mov	r1, r4
	bl	FMC_Proc
.Ltmp23:
	.loc	2 77 5                          @ ../fmc_user.c:77:5
	pop	{r2, r3, r4, pc}
.Ltmp24:
.Lfunc_end1:
	.size	FMC_Write_User, .Lfunc_end1-FMC_Write_User
	.cfi_endproc
	.cantunwind
	.fnend
                                        @ -- End function
	.section	.text.FMC_Read_User,"ax",%progbits
	.hidden	FMC_Read_User                   @ -- Begin function FMC_Read_User
	.globl	FMC_Read_User
	.p2align	1
	.type	FMC_Read_User,%function
	.code	16                              @ @FMC_Read_User
	.thumb_func
FMC_Read_User:
.Lfunc_begin2:
	.loc	2 95 0 is_stmt 1                @ ../fmc_user.c:95:0
	.fnstart
	.cfi_startproc
@ %bb.0:
	@DEBUG_VALUE: FMC_Read_User:u32Addr <- $r0
	@DEBUG_VALUE: FMC_Read_User:data <- $r1
	mov	r3, r1
.Ltmp25:
	@DEBUG_VALUE: FMC_Read_User:data <- $r3
	mov	r1, r0
.Ltmp26:
	@DEBUG_VALUE: FMC_Read_User:u32Addr <- $r1
	.loc	2 96 55 prologue_end            @ ../fmc_user.c:96:55
	adds	r2, r0, #4
	movs	r0, #0
.Ltmp27:
	.loc	2 96 12 is_stmt 0               @ ../fmc_user.c:96:12
	b	FMC_Proc
.Ltmp28:
.Lfunc_end2:
	.size	FMC_Read_User, .Lfunc_end2-FMC_Read_User
	.cfi_endproc
	.cantunwind
	.fnend
                                        @ -- End function
	.section	.text.FMC_Erase_User,"ax",%progbits
	.hidden	FMC_Erase_User                  @ -- Begin function FMC_Erase_User
	.globl	FMC_Erase_User
	.p2align	1
	.type	FMC_Erase_User,%function
	.code	16                              @ @FMC_Erase_User
	.thumb_func
FMC_Erase_User:
.Lfunc_begin3:
	.loc	2 113 0 is_stmt 1               @ ../fmc_user.c:113:0
	.fnstart
	.cfi_startproc
@ %bb.0:
	@DEBUG_VALUE: FMC_Erase_User:u32Addr <- $r0
	mov	r1, r0
.Ltmp29:
	@DEBUG_VALUE: FMC_Erase_User:u32Addr <- $r1
	.loc	2 114 61 prologue_end           @ ../fmc_user.c:114:61
	adds	r2, r0, #4
	movs	r0, #34
	movs	r3, #0
.Ltmp30:
	.loc	2 114 12 is_stmt 0              @ ../fmc_user.c:114:12
	b	FMC_Proc
.Ltmp31:
.Lfunc_end3:
	.size	FMC_Erase_User, .Lfunc_end3-FMC_Erase_User
	.cfi_endproc
	.cantunwind
	.fnend
                                        @ -- End function
	.section	.text.ReadData,"ax",%progbits
	.hidden	ReadData                        @ -- Begin function ReadData
	.globl	ReadData
	.p2align	1
	.type	ReadData,%function
	.code	16                              @ @ReadData
	.thumb_func
ReadData:
.Lfunc_begin4:
	.loc	2 118 0 is_stmt 1               @ ../fmc_user.c:118:0
	.fnstart
	.cfi_startproc
@ %bb.0:
	@DEBUG_VALUE: ReadData:addr_start <- $r0
	@DEBUG_VALUE: ReadData:addr_end <- $r1
	@DEBUG_VALUE: ReadData:data <- $r2
	mov	r3, r2
.Ltmp32:
	@DEBUG_VALUE: ReadData:data <- $r3
	mov	r2, r1
.Ltmp33:
	@DEBUG_VALUE: ReadData:addr_end <- $r2
	mov	r1, r0
.Ltmp34:
	@DEBUG_VALUE: ReadData:addr_start <- $r1
	movs	r0, #0
.Ltmp35:
	.loc	2 119 5 prologue_end            @ ../fmc_user.c:119:5
	b	FMC_Proc
.Ltmp36:
.Lfunc_end4:
	.size	ReadData, .Lfunc_end4-ReadData
	.cfi_endproc
	.cantunwind
	.fnend
                                        @ -- End function
	.section	.text.WriteData,"ax",%progbits
	.hidden	WriteData                       @ -- Begin function WriteData
	.globl	WriteData
	.p2align	2
	.type	WriteData,%function
	.code	16                              @ @WriteData
	.thumb_func
WriteData:
.Lfunc_begin5:
	.loc	2 124 0                         @ ../fmc_user.c:124:0
	.fnstart
	.cfi_startproc
@ %bb.0:
	@DEBUG_VALUE: WriteData:addr_start <- $r0
	@DEBUG_VALUE: WriteData:addr_end <- $r1
	@DEBUG_VALUE: WriteData:data <- $r2
	.save	{r4, r5}
	push	{r4, r5}
	.cfi_def_cfa_offset 8
	.cfi_offset r5, -4
	.cfi_offset r4, -8
	mov	r3, r2
.Ltmp37:
	@DEBUG_VALUE: WriteData:data <- $r3
	mov	r2, r1
.Ltmp38:
	@DEBUG_VALUE: WriteData:addr_end <- $r2
	mov	r1, r0
.Ltmp39:
	@DEBUG_VALUE: WriteData:addr_start <- $r1
	ldr	r0, __arm_cp.5_0
.Ltmp40:
	.loc	2 125 3 prologue_end            @ ../fmc_user.c:125:3
	ldr	r4, [r0]
	movs	r5, #8
	orrs	r5, r4
	str	r5, [r0]
	movs	r0, #33
	.loc	2 126 5                         @ ../fmc_user.c:126:5
	pop	{r4, r5}
.Ltmp41:
	b	FMC_Proc
.Ltmp42:
	.p2align	2
@ %bb.1:
	.loc	2 0 5 is_stmt 0                 @ ../fmc_user.c:0:5
__arm_cp.5_0:
	.long	1073790976                      @ 0x4000c000
.Lcpi_end1:
	.size	__arm_cp.5_0, .Lcpi_end1-__arm_cp.5_0
.Lfunc_end5:
	.size	WriteData, .Lfunc_end5-WriteData
	.cfi_endproc
	.cantunwind
	.fnend
                                        @ -- End function
	.section	.text.EraseAP,"ax",%progbits
	.hidden	EraseAP                         @ -- Begin function EraseAP
	.globl	EraseAP
	.p2align	2
	.type	EraseAP,%function
	.code	16                              @ @EraseAP
	.thumb_func
EraseAP:
.Lfunc_begin6:
	.loc	2 133 0 is_stmt 1               @ ../fmc_user.c:133:0
	.fnstart
	.cfi_startproc
@ %bb.0:
	@DEBUG_VALUE: EraseAP:addr_start <- $r0
	@DEBUG_VALUE: EraseAP:size <- $r1
	.save	{r4, r5, r6, r7, lr}
	push	{r4, r5, r6, r7, lr}
	.cfi_def_cfa_offset 20
	.cfi_offset lr, -4
	.cfi_offset r7, -8
	.cfi_offset r6, -12
	.cfi_offset r5, -16
	.cfi_offset r4, -20
	mov	r2, r0
.Ltmp43:
	@DEBUG_VALUE: EraseAP:u32Addr <- undef
	@DEBUG_VALUE: EraseAP:addr_start <- $r2
	ldr	r3, __arm_cp.6_0
.Ltmp44:
	.loc	2 137 5 prologue_end            @ ../fmc_user.c:137:5
	ldr	r0, [r3]
	movs	r4, #8
	orrs	r4, r0
	str	r4, [r3]
	movs	r0, #0
	movs	r4, #34
	movs	r5, #1
	movw	r6, #512
.Ltmp45:
.LBB6_1:                                @ =>This Loop Header: Depth=1
                                        @     Child Loop BB6_3 Depth 2
	@DEBUG_VALUE: EraseAP:size <- $r1
	@DEBUG_VALUE: EraseAP:size <- $r1
	@DEBUG_VALUE: EraseAP:u32Addr <- $r2
	.loc	2 139 5                         @ ../fmc_user.c:139:5
	cbz	r1, .LBB6_7
.Ltmp46:
@ %bb.2:                                @   in Loop: Header=BB6_1 Depth=1
	@DEBUG_VALUE: EraseAP:u32Addr <- $r2
	@DEBUG_VALUE: EraseAP:size <- $r1
	@DEBUG_VALUE: u32Cmd <- 34
	@DEBUG_VALUE: u32Size <- 512
	.loc	2 145 21                        @ ../fmc_user.c:145:21
	str	r4, [r3, #12]
	.loc	2 146 22                        @ ../fmc_user.c:146:22
	str	r2, [r3, #4]
	.loc	2 147 21                        @ ../fmc_user.c:147:21
	str	r5, [r3, #16]
	.loc	2 148 9                         @ ../fmc_user.c:148:9
	isb	sy
.Ltmp47:
.LBB6_3:                                @   Parent Loop BB6_1 Depth=1
                                        @ =>  This Inner Loop Header: Depth=2
	@DEBUG_VALUE: u32Size <- 512
	@DEBUG_VALUE: u32Cmd <- 34
	@DEBUG_VALUE: EraseAP:u32Addr <- $r2
	@DEBUG_VALUE: EraseAP:size <- $r1
	.loc	2 150 21                        @ ../fmc_user.c:150:21
	ldr	r7, [r3, #16]
	.loc	2 150 9 is_stmt 0               @ ../fmc_user.c:150:9
	lsls	r7, r7, #31
	bne	.LBB6_3
.Ltmp48:
@ %bb.4:                                @   in Loop: Header=BB6_1 Depth=1
	@DEBUG_VALUE: u32Size <- 512
	@DEBUG_VALUE: u32Cmd <- 34
	@DEBUG_VALUE: EraseAP:u32Addr <- $r2
	@DEBUG_VALUE: EraseAP:size <- $r1
	.loc	2 152 18 is_stmt 1              @ ../fmc_user.c:152:18
	ldr	r7, [r3]
.Ltmp49:
	.loc	2 152 13 is_stmt 0              @ ../fmc_user.c:152:13
	lsls	r7, r7, #25
	bmi	.LBB6_6
.Ltmp50:
@ %bb.5:                                @   in Loop: Header=BB6_1 Depth=1
	@DEBUG_VALUE: u32Size <- 512
	@DEBUG_VALUE: u32Cmd <- 34
	@DEBUG_VALUE: EraseAP:u32Addr <- $r2
	@DEBUG_VALUE: EraseAP:size <- $r1
	.loc	2 159 14 is_stmt 1              @ ../fmc_user.c:159:14
	subs	r1, r1, r6
.Ltmp51:
	@DEBUG_VALUE: EraseAP:size <- $r1
	.loc	2 158 17                        @ ../fmc_user.c:158:17
	adds	r2, r2, r6
.Ltmp52:
	@DEBUG_VALUE: EraseAP:u32Addr <- $r2
	.loc	2 0 17 is_stmt 0                @ ../fmc_user.c:0:17
	b	.LBB6_1
.Ltmp53:
.LBB6_6:
	@DEBUG_VALUE: u32Size <- 512
	@DEBUG_VALUE: u32Cmd <- 34
	@DEBUG_VALUE: EraseAP:u32Addr <- $r2
	@DEBUG_VALUE: EraseAP:size <- $r1
	.loc	2 154 25 is_stmt 1              @ ../fmc_user.c:154:25
	ldr	r0, [r3]
	movs	r1, #64
.Ltmp54:
	orrs	r1, r0
	str	r1, [r3]
	movs	r0, #0
	mvns	r0, r0
.Ltmp55:
.LBB6_7:
	@DEBUG_VALUE: EraseAP:u32Addr <- $r2
	.loc	2 163 1                         @ ../fmc_user.c:163:1
	pop	{r4, r5, r6, r7, pc}
.Ltmp56:
	.p2align	2
@ %bb.8:
	.loc	2 0 1 is_stmt 0                 @ ../fmc_user.c:0:1
__arm_cp.6_0:
	.long	1073790976                      @ 0x4000c000
.Lcpi_end2:
	.size	__arm_cp.6_0, .Lcpi_end2-__arm_cp.6_0
.Lfunc_end6:
	.size	EraseAP, .Lfunc_end6-EraseAP
	.cfi_endproc
	.cantunwind
	.fnend
                                        @ -- End function
	.section	.text.Flash_Sil,"ax",%progbits
	.hidden	Flash_Sil                       @ -- Begin function Flash_Sil
	.globl	Flash_Sil
	.p2align	2
	.type	Flash_Sil,%function
	.code	16                              @ @Flash_Sil
	.thumb_func
Flash_Sil:
.Lfunc_begin7:
	.loc	2 170 0 is_stmt 1               @ ../fmc_user.c:170:0
	.fnstart
	.cfi_startproc
@ %bb.0:
	@DEBUG_VALUE: Flash_Sil:PageStartAdres <- $r0
	@DEBUG_VALUE: Flash_Sil:SilinecekSayfaSayisi <- $r1
	.save	{r4, r5, r6, r7, lr}
	push	{r4, r5, r6, r7, lr}
	.cfi_def_cfa_offset 20
	.cfi_offset lr, -4
	.cfi_offset r7, -8
	.cfi_offset r6, -12
	.cfi_offset r5, -16
	.cfi_offset r4, -20
	ldr	r2, __arm_cp.7_0
.Ltmp57:
	.loc	2 172 2 prologue_end            @ ../fmc_user.c:172:2
	ldr	r3, [r2]
	movs	r4, #8
	orrs	r4, r3
	str	r4, [r2]
	movs	r7, #0
	ldr	r3, __arm_cp.7_1
	movs	r4, #34
	movs	r5, #1
	movs	r6, #64
.Ltmp58:
.LBB7_1:                                @ =>This Loop Header: Depth=1
                                        @     Child Loop BB7_3 Depth 2
	@DEBUG_VALUE: Flash_Sil:SilinecekSayfaSayisi <- $r1
	@DEBUG_VALUE: Flash_Sil:PageStartAdres <- $r0
	.loc	2 0 0 is_stmt 0                 @ ../fmc_user.c:0:0
	str	r7, [r3]
	.loc	2 173 4 is_stmt 1               @ ../fmc_user.c:173:4
	cmp	r7, r1
	bhs	.LBB7_7
.Ltmp59:
@ %bb.2:                                @   in Loop: Header=BB7_1 Depth=1
	@DEBUG_VALUE: Flash_Sil:SilinecekSayfaSayisi <- $r1
	@DEBUG_VALUE: Flash_Sil:PageStartAdres <- $r0
	.loc	2 175 21                        @ ../fmc_user.c:175:21
	str	r4, [r2, #12]
	.loc	2 176 40                        @ ../fmc_user.c:176:40
	ldr	r7, [r3]
	.loc	2 176 46 is_stmt 0              @ ../fmc_user.c:176:46
	lsls	r7, r7, #9
	.loc	2 176 38                        @ ../fmc_user.c:176:38
	adds	r7, r7, r0
	.loc	2 176 22                        @ ../fmc_user.c:176:22
	str	r7, [r2, #4]
	.loc	2 177 21 is_stmt 1              @ ../fmc_user.c:177:21
	str	r5, [r2, #16]
	.loc	2 178 8                         @ ../fmc_user.c:178:8
	isb	sy
.Ltmp60:
.LBB7_3:                                @   Parent Loop BB7_1 Depth=1
                                        @ =>  This Inner Loop Header: Depth=2
	@DEBUG_VALUE: Flash_Sil:SilinecekSayfaSayisi <- $r1
	@DEBUG_VALUE: Flash_Sil:PageStartAdres <- $r0
	.loc	2 180 21                        @ ../fmc_user.c:180:21
	ldr	r7, [r2, #16]
	.loc	2 180 9 is_stmt 0               @ ../fmc_user.c:180:9
	lsls	r7, r7, #31
	bne	.LBB7_3
.Ltmp61:
@ %bb.4:                                @   in Loop: Header=BB7_1 Depth=1
	@DEBUG_VALUE: Flash_Sil:SilinecekSayfaSayisi <- $r1
	@DEBUG_VALUE: Flash_Sil:PageStartAdres <- $r0
	.loc	2 182 18 is_stmt 1              @ ../fmc_user.c:182:18
	ldr	r7, [r2]
.Ltmp62:
	.loc	2 182 13 is_stmt 0              @ ../fmc_user.c:182:13
	lsls	r7, r7, #25
	bpl	.LBB7_6
.Ltmp63:
@ %bb.5:                                @   in Loop: Header=BB7_1 Depth=1
	@DEBUG_VALUE: Flash_Sil:SilinecekSayfaSayisi <- $r1
	@DEBUG_VALUE: Flash_Sil:PageStartAdres <- $r0
	.loc	2 184 25 is_stmt 1              @ ../fmc_user.c:184:25
	ldr	r7, [r2]
	orrs	r7, r6
	str	r7, [r2]
.Ltmp64:
.LBB7_6:                                @   in Loop: Header=BB7_1 Depth=1
	@DEBUG_VALUE: Flash_Sil:SilinecekSayfaSayisi <- $r1
	@DEBUG_VALUE: Flash_Sil:PageStartAdres <- $r0
	.loc	2 173 52                        @ ../fmc_user.c:173:52
	ldr	r7, [r3]
	adds	r7, r7, #1
	b	.LBB7_1
.Ltmp65:
.LBB7_7:
	@DEBUG_VALUE: Flash_Sil:SilinecekSayfaSayisi <- $r1
	@DEBUG_VALUE: Flash_Sil:PageStartAdres <- $r0
	.loc	2 188 1                         @ ../fmc_user.c:188:1
	pop	{r4, r5, r6, r7, pc}
.Ltmp66:
	.p2align	2
@ %bb.8:
	.loc	2 0 1 is_stmt 0                 @ ../fmc_user.c:0:1
__arm_cp.7_0:
	.long	1073790976                      @ 0x4000c000
.Lcpi_end3:
	.size	__arm_cp.7_0, .Lcpi_end3-__arm_cp.7_0
__arm_cp.7_1:
	.long	Forixt
.Lcpi_end4:
	.size	__arm_cp.7_1, .Lcpi_end4-__arm_cp.7_1
.Lfunc_end7:
	.size	Flash_Sil, .Lfunc_end7-Flash_Sil
	.cfi_endproc
	.cantunwind
	.fnend
                                        @ -- End function
	.section	.text.UpdateConfig,"ax",%progbits
	.hidden	UpdateConfig                    @ -- Begin function UpdateConfig
	.globl	UpdateConfig
	.p2align	2
	.type	UpdateConfig,%function
	.code	16                              @ @UpdateConfig
	.thumb_func
UpdateConfig:
.Lfunc_begin8:
	.loc	2 193 0 is_stmt 1               @ ../fmc_user.c:193:0
	.fnstart
	.cfi_startproc
@ %bb.0:
	@DEBUG_VALUE: UpdateConfig:data <- $r0
	@DEBUG_VALUE: UpdateConfig:res <- $r1
	.save	{r4, r5, r6, r7, lr}
	.pad	#4
	push	{r3, r4, r5, r6, r7, lr}
	.cfi_def_cfa_offset 24
	.cfi_offset lr, -4
	.cfi_offset r7, -8
	.cfi_offset r6, -12
	.cfi_offset r5, -16
	.cfi_offset r4, -20
	mov	r4, r1
.Ltmp67:
	@DEBUG_VALUE: UpdateConfig:res <- $r4
	str	r0, [sp]                        @ 4-byte Spill
.Ltmp68:
	@DEBUG_VALUE: UpdateConfig:u32Size <- 16
	@DEBUG_VALUE: UpdateConfig:data <- [$sp+0]
	ldr	r1, __arm_cp.8_0
.Ltmp69:
	.loc	2 195 5 prologue_end            @ ../fmc_user.c:195:5
	ldr	r0, [r1]
	movs	r6, #16
	orrs	r0, r6
	str	r0, [r1]
	movs	r0, #3
	lsls	r5, r0, #20
	.loc	2 196 5                         @ ../fmc_user.c:196:5
	mov	r2, r5
	adds	r2, #8
	movs	r0, #34
	movs	r3, #0
	mov	r1, r5
	bl	FMC_Proc
.Ltmp70:
	.loc	2 197 5                         @ ../fmc_user.c:197:5
	mov	r7, r5
	adds	r7, #16
	movs	r0, #33
	mov	r1, r5
	mov	r2, r7
	ldr	r3, [sp]                        @ 4-byte Reload
.Ltmp71:
	@DEBUG_VALUE: UpdateConfig:data <- $r3
	bl	FMC_Proc
.Ltmp72:
	.loc	2 199 9                         @ ../fmc_user.c:199:9
	cbz	r4, .LBB8_2
.Ltmp73:
@ %bb.1:
	@DEBUG_VALUE: UpdateConfig:u32Size <- 16
	@DEBUG_VALUE: UpdateConfig:res <- $r4
	.loc	2 0 9 is_stmt 0                 @ ../fmc_user.c:0:9
	movs	r0, #0
.Ltmp74:
	.loc	2 201 9 is_stmt 1               @ ../fmc_user.c:201:9
	mov	r1, r5
	mov	r2, r7
	mov	r3, r4
	bl	FMC_Proc
.Ltmp75:
.LBB8_2:
	@DEBUG_VALUE: UpdateConfig:u32Size <- 16
	@DEBUG_VALUE: UpdateConfig:res <- $r4
	.loc	2 0 9 is_stmt 0                 @ ../fmc_user.c:0:9
	ldr	r1, __arm_cp.8_0
	.loc	2 204 5 is_stmt 1               @ ../fmc_user.c:204:5
	ldr	r0, [r1]
	bics	r0, r6
	str	r0, [r1]
	.loc	2 205 1                         @ ../fmc_user.c:205:1
	pop	{r3, r4, r5, r6, r7, pc}
.Ltmp76:
	.p2align	2
@ %bb.3:
	.loc	2 0 1 is_stmt 0                 @ ../fmc_user.c:0:1
__arm_cp.8_0:
	.long	1073790976                      @ 0x4000c000
.Lcpi_end5:
	.size	__arm_cp.8_0, .Lcpi_end5-__arm_cp.8_0
.Lfunc_end8:
	.size	UpdateConfig, .Lfunc_end8-UpdateConfig
	.cfi_endproc
	.cantunwind
	.fnend
                                        @ -- End function
	.hidden	Forixt                          @ @Forixt
	.type	Forixt,%object
	.section	.bss.Forixt,"aw",%nobits
	.globl	Forixt
	.p2align	2
Forixt:
	.long	0                               @ 0x0
	.size	Forixt, 4

	.section	.debug_loc,"",%progbits
.Ldebug_loc0:
	.long	-1
	.long	.Lfunc_begin0                   @   base address
	.long	.Lfunc_begin0-.Lfunc_begin0
	.long	.Ltmp0-.Lfunc_begin0
	.short	1                               @ Loc expr size
	.byte	80                              @ DW_OP_reg0
	.long	.Ltmp0-.Lfunc_begin0
	.long	.Ltmp20-.Lfunc_begin0
	.short	1                               @ Loc expr size
	.byte	84                              @ DW_OP_reg4
	.long	0
	.long	0
.Ldebug_loc1:
	.long	-1
	.long	.Lfunc_begin0                   @   base address
	.long	.Lfunc_begin0-.Lfunc_begin0
	.long	.Ltmp2-.Lfunc_begin0
	.short	1                               @ Loc expr size
	.byte	81                              @ DW_OP_reg1
	.long	.Ltmp11-.Lfunc_begin0
	.long	.Ltmp12-.Lfunc_begin0
	.short	4                               @ Loc expr size
	.byte	243                             @ DW_OP_GNU_entry_value
	.byte	1                               @ 1
	.byte	81                              @ DW_OP_reg1
	.byte	159                             @ DW_OP_stack_value
	.long	.Ltmp16-.Lfunc_begin0
	.long	.Ltmp17-.Lfunc_begin0
	.short	4                               @ Loc expr size
	.byte	243                             @ DW_OP_GNU_entry_value
	.byte	1                               @ 1
	.byte	81                              @ DW_OP_reg1
	.byte	159                             @ DW_OP_stack_value
	.long	0
	.long	0
.Ldebug_loc2:
	.long	-1
	.long	.Lfunc_begin0                   @   base address
	.long	.Lfunc_begin0-.Lfunc_begin0
	.long	.Ltmp19-.Lfunc_begin0
	.short	1                               @ Loc expr size
	.byte	83                              @ DW_OP_reg3
	.long	0
	.long	0
.Ldebug_loc3:
	.long	-1
	.long	.Lfunc_begin0                   @   base address
	.long	.Ltmp2-.Lfunc_begin0
	.long	.Ltmp19-.Lfunc_begin0
	.short	1                               @ Loc expr size
	.byte	81                              @ DW_OP_reg1
	.long	0
	.long	0
.Ldebug_loc4:
	.long	-1
	.long	.Lfunc_begin0                   @   base address
	.long	.Ltmp8-.Lfunc_begin0
	.long	.Ltmp17-.Lfunc_begin0
	.short	1                               @ Loc expr size
	.byte	87                              @ DW_OP_reg7
	.long	.Ltmp18-.Lfunc_begin0
	.long	.Ltmp20-.Lfunc_begin0
	.short	1                               @ Loc expr size
	.byte	87                              @ DW_OP_reg7
	.long	0
	.long	0
.Ldebug_loc5:
	.long	-1
	.long	.Lfunc_begin1                   @   base address
	.long	.Lfunc_begin1-.Lfunc_begin1
	.long	.Ltmp21-.Lfunc_begin1
	.short	1                               @ Loc expr size
	.byte	80                              @ DW_OP_reg0
	.long	.Ltmp21-.Lfunc_begin1
	.long	.Ltmp24-.Lfunc_begin1
	.short	1                               @ Loc expr size
	.byte	84                              @ DW_OP_reg4
	.long	0
	.long	0
.Ldebug_loc6:
	.long	-1
	.long	.Lfunc_begin1                   @   base address
	.long	.Lfunc_begin1-.Lfunc_begin1
	.long	.Ltmp22-.Lfunc_begin1
	.short	1                               @ Loc expr size
	.byte	81                              @ DW_OP_reg1
	.long	.Ltmp22-.Lfunc_begin1
	.long	.Ltmp24-.Lfunc_begin1
	.short	2                               @ Loc expr size
	.byte	125                             @ DW_OP_breg13
	.byte	4                               @ 4
	.long	0
	.long	0
.Ldebug_loc7:
	.long	-1
	.long	.Lfunc_begin2                   @   base address
	.long	.Lfunc_begin2-.Lfunc_begin2
	.long	.Ltmp26-.Lfunc_begin2
	.short	1                               @ Loc expr size
	.byte	80                              @ DW_OP_reg0
	.long	.Ltmp26-.Lfunc_begin2
	.long	.Lfunc_end2-.Lfunc_begin2
	.short	1                               @ Loc expr size
	.byte	81                              @ DW_OP_reg1
	.long	0
	.long	0
.Ldebug_loc8:
	.long	-1
	.long	.Lfunc_begin2                   @   base address
	.long	.Lfunc_begin2-.Lfunc_begin2
	.long	.Ltmp25-.Lfunc_begin2
	.short	1                               @ Loc expr size
	.byte	81                              @ DW_OP_reg1
	.long	.Ltmp25-.Lfunc_begin2
	.long	.Lfunc_end2-.Lfunc_begin2
	.short	1                               @ Loc expr size
	.byte	83                              @ DW_OP_reg3
	.long	0
	.long	0
.Ldebug_loc9:
	.long	-1
	.long	.Lfunc_begin3                   @   base address
	.long	.Lfunc_begin3-.Lfunc_begin3
	.long	.Ltmp29-.Lfunc_begin3
	.short	1                               @ Loc expr size
	.byte	80                              @ DW_OP_reg0
	.long	.Ltmp29-.Lfunc_begin3
	.long	.Lfunc_end3-.Lfunc_begin3
	.short	1                               @ Loc expr size
	.byte	81                              @ DW_OP_reg1
	.long	0
	.long	0
.Ldebug_loc10:
	.long	-1
	.long	.Lfunc_begin4                   @   base address
	.long	.Lfunc_begin4-.Lfunc_begin4
	.long	.Ltmp34-.Lfunc_begin4
	.short	1                               @ Loc expr size
	.byte	80                              @ DW_OP_reg0
	.long	.Ltmp34-.Lfunc_begin4
	.long	.Lfunc_end4-.Lfunc_begin4
	.short	1                               @ Loc expr size
	.byte	81                              @ DW_OP_reg1
	.long	0
	.long	0
.Ldebug_loc11:
	.long	-1
	.long	.Lfunc_begin4                   @   base address
	.long	.Lfunc_begin4-.Lfunc_begin4
	.long	.Ltmp33-.Lfunc_begin4
	.short	1                               @ Loc expr size
	.byte	81                              @ DW_OP_reg1
	.long	.Ltmp33-.Lfunc_begin4
	.long	.Lfunc_end4-.Lfunc_begin4
	.short	1                               @ Loc expr size
	.byte	82                              @ DW_OP_reg2
	.long	0
	.long	0
.Ldebug_loc12:
	.long	-1
	.long	.Lfunc_begin4                   @   base address
	.long	.Lfunc_begin4-.Lfunc_begin4
	.long	.Ltmp32-.Lfunc_begin4
	.short	1                               @ Loc expr size
	.byte	82                              @ DW_OP_reg2
	.long	.Ltmp32-.Lfunc_begin4
	.long	.Lfunc_end4-.Lfunc_begin4
	.short	1                               @ Loc expr size
	.byte	83                              @ DW_OP_reg3
	.long	0
	.long	0
.Ldebug_loc13:
	.long	-1
	.long	.Lfunc_begin5                   @   base address
	.long	.Lfunc_begin5-.Lfunc_begin5
	.long	.Ltmp39-.Lfunc_begin5
	.short	1                               @ Loc expr size
	.byte	80                              @ DW_OP_reg0
	.long	.Ltmp39-.Lfunc_begin5
	.long	.Ltmp42-.Lfunc_begin5
	.short	1                               @ Loc expr size
	.byte	81                              @ DW_OP_reg1
	.long	0
	.long	0
.Ldebug_loc14:
	.long	-1
	.long	.Lfunc_begin5                   @   base address
	.long	.Lfunc_begin5-.Lfunc_begin5
	.long	.Ltmp38-.Lfunc_begin5
	.short	1                               @ Loc expr size
	.byte	81                              @ DW_OP_reg1
	.long	.Ltmp38-.Lfunc_begin5
	.long	.Ltmp42-.Lfunc_begin5
	.short	1                               @ Loc expr size
	.byte	82                              @ DW_OP_reg2
	.long	0
	.long	0
.Ldebug_loc15:
	.long	-1
	.long	.Lfunc_begin5                   @   base address
	.long	.Lfunc_begin5-.Lfunc_begin5
	.long	.Ltmp37-.Lfunc_begin5
	.short	1                               @ Loc expr size
	.byte	82                              @ DW_OP_reg2
	.long	.Ltmp37-.Lfunc_begin5
	.long	.Ltmp42-.Lfunc_begin5
	.short	1                               @ Loc expr size
	.byte	83                              @ DW_OP_reg3
	.long	0
	.long	0
.Ldebug_loc16:
	.long	-1
	.long	.Lfunc_begin6                   @   base address
	.long	.Lfunc_begin6-.Lfunc_begin6
	.long	.Ltmp43-.Lfunc_begin6
	.short	1                               @ Loc expr size
	.byte	80                              @ DW_OP_reg0
	.long	.Ltmp43-.Lfunc_begin6
	.long	.Ltmp45-.Lfunc_begin6
	.short	1                               @ Loc expr size
	.byte	82                              @ DW_OP_reg2
	.long	0
	.long	0
.Ldebug_loc17:
	.long	-1
	.long	.Lfunc_begin6                   @   base address
	.long	.Lfunc_begin6-.Lfunc_begin6
	.long	.Ltmp54-.Lfunc_begin6
	.short	1                               @ Loc expr size
	.byte	81                              @ DW_OP_reg1
	.long	0
	.long	0
.Ldebug_loc18:
	.long	-1
	.long	.Lfunc_begin6                   @   base address
	.long	.Ltmp45-.Lfunc_begin6
	.long	.Ltmp56-.Lfunc_begin6
	.short	1                               @ Loc expr size
	.byte	82                              @ DW_OP_reg2
	.long	0
	.long	0
.Ldebug_loc19:
	.long	-1
	.long	.Lfunc_begin8                   @   base address
	.long	.Lfunc_begin8-.Lfunc_begin8
	.long	.Ltmp68-.Lfunc_begin8
	.short	1                               @ Loc expr size
	.byte	80                              @ DW_OP_reg0
	.long	.Ltmp68-.Lfunc_begin8
	.long	.Ltmp71-.Lfunc_begin8
	.short	2                               @ Loc expr size
	.byte	125                             @ DW_OP_breg13
	.byte	0                               @ 0
	.long	.Ltmp71-.Lfunc_begin8
	.long	.Ltmp72-.Lfunc_begin8
	.short	1                               @ Loc expr size
	.byte	83                              @ DW_OP_reg3
	.long	0
	.long	0
.Ldebug_loc20:
	.long	-1
	.long	.Lfunc_begin8                   @   base address
	.long	.Lfunc_begin8-.Lfunc_begin8
	.long	.Ltmp67-.Lfunc_begin8
	.short	1                               @ Loc expr size
	.byte	81                              @ DW_OP_reg1
	.long	.Ltmp67-.Lfunc_begin8
	.long	.Ltmp76-.Lfunc_begin8
	.short	1                               @ Loc expr size
	.byte	84                              @ DW_OP_reg4
	.long	0
	.long	0
	.section	.debug_abbrev,"",%progbits
	.byte	1                               @ Abbreviation Code
	.byte	17                              @ DW_TAG_compile_unit
	.byte	1                               @ DW_CHILDREN_yes
	.byte	37                              @ DW_AT_producer
	.byte	14                              @ DW_FORM_strp
	.byte	19                              @ DW_AT_language
	.byte	5                               @ DW_FORM_data2
	.byte	3                               @ DW_AT_name
	.byte	14                              @ DW_FORM_strp
	.byte	16                              @ DW_AT_stmt_list
	.byte	23                              @ DW_FORM_sec_offset
	.byte	27                              @ DW_AT_comp_dir
	.byte	14                              @ DW_FORM_strp
	.byte	17                              @ DW_AT_low_pc
	.byte	1                               @ DW_FORM_addr
	.byte	85                              @ DW_AT_ranges
	.byte	23                              @ DW_FORM_sec_offset
	.byte	0                               @ EOM(1)
	.byte	0                               @ EOM(2)
	.byte	2                               @ Abbreviation Code
	.byte	52                              @ DW_TAG_variable
	.byte	0                               @ DW_CHILDREN_no
	.byte	3                               @ DW_AT_name
	.byte	14                              @ DW_FORM_strp
	.byte	73                              @ DW_AT_type
	.byte	19                              @ DW_FORM_ref4
	.byte	63                              @ DW_AT_external
	.byte	25                              @ DW_FORM_flag_present
	.byte	58                              @ DW_AT_decl_file
	.byte	11                              @ DW_FORM_data1
	.byte	59                              @ DW_AT_decl_line
	.byte	11                              @ DW_FORM_data1
	.byte	2                               @ DW_AT_location
	.byte	24                              @ DW_FORM_exprloc
	.byte	0                               @ EOM(1)
	.byte	0                               @ EOM(2)
	.byte	3                               @ Abbreviation Code
	.byte	22                              @ DW_TAG_typedef
	.byte	0                               @ DW_CHILDREN_no
	.byte	73                              @ DW_AT_type
	.byte	19                              @ DW_FORM_ref4
	.byte	3                               @ DW_AT_name
	.byte	14                              @ DW_FORM_strp
	.byte	58                              @ DW_AT_decl_file
	.byte	11                              @ DW_FORM_data1
	.byte	59                              @ DW_AT_decl_line
	.byte	11                              @ DW_FORM_data1
	.byte	0                               @ EOM(1)
	.byte	0                               @ EOM(2)
	.byte	4                               @ Abbreviation Code
	.byte	36                              @ DW_TAG_base_type
	.byte	0                               @ DW_CHILDREN_no
	.byte	3                               @ DW_AT_name
	.byte	14                              @ DW_FORM_strp
	.byte	62                              @ DW_AT_encoding
	.byte	11                              @ DW_FORM_data1
	.byte	11                              @ DW_AT_byte_size
	.byte	11                              @ DW_FORM_data1
	.byte	0                               @ EOM(1)
	.byte	0                               @ EOM(2)
	.byte	5                               @ Abbreviation Code
	.byte	15                              @ DW_TAG_pointer_type
	.byte	0                               @ DW_CHILDREN_no
	.byte	73                              @ DW_AT_type
	.byte	19                              @ DW_FORM_ref4
	.byte	0                               @ EOM(1)
	.byte	0                               @ EOM(2)
	.byte	6                               @ Abbreviation Code
	.byte	22                              @ DW_TAG_typedef
	.byte	0                               @ DW_CHILDREN_no
	.byte	73                              @ DW_AT_type
	.byte	19                              @ DW_FORM_ref4
	.byte	3                               @ DW_AT_name
	.byte	14                              @ DW_FORM_strp
	.byte	58                              @ DW_AT_decl_file
	.byte	11                              @ DW_FORM_data1
	.byte	59                              @ DW_AT_decl_line
	.byte	5                               @ DW_FORM_data2
	.byte	0                               @ EOM(1)
	.byte	0                               @ EOM(2)
	.byte	7                               @ Abbreviation Code
	.byte	19                              @ DW_TAG_structure_type
	.byte	1                               @ DW_CHILDREN_yes
	.byte	11                              @ DW_AT_byte_size
	.byte	11                              @ DW_FORM_data1
	.byte	58                              @ DW_AT_decl_file
	.byte	11                              @ DW_FORM_data1
	.byte	59                              @ DW_AT_decl_line
	.byte	11                              @ DW_FORM_data1
	.byte	0                               @ EOM(1)
	.byte	0                               @ EOM(2)
	.byte	8                               @ Abbreviation Code
	.byte	13                              @ DW_TAG_member
	.byte	0                               @ DW_CHILDREN_no
	.byte	3                               @ DW_AT_name
	.byte	14                              @ DW_FORM_strp
	.byte	73                              @ DW_AT_type
	.byte	19                              @ DW_FORM_ref4
	.byte	58                              @ DW_AT_decl_file
	.byte	11                              @ DW_FORM_data1
	.byte	59                              @ DW_AT_decl_line
	.byte	5                               @ DW_FORM_data2
	.byte	56                              @ DW_AT_data_member_location
	.byte	11                              @ DW_FORM_data1
	.byte	0                               @ EOM(1)
	.byte	0                               @ EOM(2)
	.byte	9                               @ Abbreviation Code
	.byte	53                              @ DW_TAG_volatile_type
	.byte	0                               @ DW_CHILDREN_no
	.byte	73                              @ DW_AT_type
	.byte	19                              @ DW_FORM_ref4
	.byte	0                               @ EOM(1)
	.byte	0                               @ EOM(2)
	.byte	10                              @ Abbreviation Code
	.byte	38                              @ DW_TAG_const_type
	.byte	0                               @ DW_CHILDREN_no
	.byte	73                              @ DW_AT_type
	.byte	19                              @ DW_FORM_ref4
	.byte	0                               @ EOM(1)
	.byte	0                               @ EOM(2)
	.byte	11                              @ Abbreviation Code
	.byte	1                               @ DW_TAG_array_type
	.byte	1                               @ DW_CHILDREN_yes
	.byte	73                              @ DW_AT_type
	.byte	19                              @ DW_FORM_ref4
	.byte	0                               @ EOM(1)
	.byte	0                               @ EOM(2)
	.byte	12                              @ Abbreviation Code
	.byte	33                              @ DW_TAG_subrange_type
	.byte	0                               @ DW_CHILDREN_no
	.byte	73                              @ DW_AT_type
	.byte	19                              @ DW_FORM_ref4
	.byte	55                              @ DW_AT_count
	.byte	11                              @ DW_FORM_data1
	.byte	0                               @ EOM(1)
	.byte	0                               @ EOM(2)
	.byte	13                              @ Abbreviation Code
	.byte	36                              @ DW_TAG_base_type
	.byte	0                               @ DW_CHILDREN_no
	.byte	3                               @ DW_AT_name
	.byte	14                              @ DW_FORM_strp
	.byte	11                              @ DW_AT_byte_size
	.byte	11                              @ DW_FORM_data1
	.byte	62                              @ DW_AT_encoding
	.byte	11                              @ DW_FORM_data1
	.byte	0                               @ EOM(1)
	.byte	0                               @ EOM(2)
	.byte	14                              @ Abbreviation Code
	.byte	46                              @ DW_TAG_subprogram
	.byte	1                               @ DW_CHILDREN_yes
	.byte	17                              @ DW_AT_low_pc
	.byte	1                               @ DW_FORM_addr
	.byte	18                              @ DW_AT_high_pc
	.byte	6                               @ DW_FORM_data4
	.byte	64                              @ DW_AT_frame_base
	.byte	24                              @ DW_FORM_exprloc
	.ascii	"\227B"                         @ DW_AT_GNU_all_call_sites
	.byte	25                              @ DW_FORM_flag_present
	.byte	3                               @ DW_AT_name
	.byte	14                              @ DW_FORM_strp
	.byte	58                              @ DW_AT_decl_file
	.byte	11                              @ DW_FORM_data1
	.byte	59                              @ DW_AT_decl_line
	.byte	11                              @ DW_FORM_data1
	.byte	39                              @ DW_AT_prototyped
	.byte	25                              @ DW_FORM_flag_present
	.byte	73                              @ DW_AT_type
	.byte	19                              @ DW_FORM_ref4
	.byte	63                              @ DW_AT_external
	.byte	25                              @ DW_FORM_flag_present
	.byte	0                               @ EOM(1)
	.byte	0                               @ EOM(2)
	.byte	15                              @ Abbreviation Code
	.byte	5                               @ DW_TAG_formal_parameter
	.byte	0                               @ DW_CHILDREN_no
	.byte	2                               @ DW_AT_location
	.byte	23                              @ DW_FORM_sec_offset
	.byte	3                               @ DW_AT_name
	.byte	14                              @ DW_FORM_strp
	.byte	58                              @ DW_AT_decl_file
	.byte	11                              @ DW_FORM_data1
	.byte	59                              @ DW_AT_decl_line
	.byte	11                              @ DW_FORM_data1
	.byte	73                              @ DW_AT_type
	.byte	19                              @ DW_FORM_ref4
	.byte	0                               @ EOM(1)
	.byte	0                               @ EOM(2)
	.byte	16                              @ Abbreviation Code
	.byte	5                               @ DW_TAG_formal_parameter
	.byte	0                               @ DW_CHILDREN_no
	.byte	2                               @ DW_AT_location
	.byte	24                              @ DW_FORM_exprloc
	.byte	3                               @ DW_AT_name
	.byte	14                              @ DW_FORM_strp
	.byte	58                              @ DW_AT_decl_file
	.byte	11                              @ DW_FORM_data1
	.byte	59                              @ DW_AT_decl_line
	.byte	11                              @ DW_FORM_data1
	.byte	73                              @ DW_AT_type
	.byte	19                              @ DW_FORM_ref4
	.byte	0                               @ EOM(1)
	.byte	0                               @ EOM(2)
	.byte	17                              @ Abbreviation Code
	.byte	52                              @ DW_TAG_variable
	.byte	0                               @ DW_CHILDREN_no
	.byte	2                               @ DW_AT_location
	.byte	23                              @ DW_FORM_sec_offset
	.byte	3                               @ DW_AT_name
	.byte	14                              @ DW_FORM_strp
	.byte	58                              @ DW_AT_decl_file
	.byte	11                              @ DW_FORM_data1
	.byte	59                              @ DW_AT_decl_line
	.byte	11                              @ DW_FORM_data1
	.byte	73                              @ DW_AT_type
	.byte	19                              @ DW_FORM_ref4
	.byte	0                               @ EOM(1)
	.byte	0                               @ EOM(2)
	.byte	18                              @ Abbreviation Code
	.byte	11                              @ DW_TAG_lexical_block
	.byte	1                               @ DW_CHILDREN_yes
	.byte	85                              @ DW_AT_ranges
	.byte	23                              @ DW_FORM_sec_offset
	.byte	0                               @ EOM(1)
	.byte	0                               @ EOM(2)
	.byte	19                              @ Abbreviation Code
	.ascii	"\211\202\001"                  @ DW_TAG_GNU_call_site
	.byte	0                               @ DW_CHILDREN_no
	.byte	49                              @ DW_AT_abstract_origin
	.byte	19                              @ DW_FORM_ref4
	.ascii	"\225B"                         @ DW_AT_GNU_tail_call
	.byte	25                              @ DW_FORM_flag_present
	.byte	17                              @ DW_AT_low_pc
	.byte	1                               @ DW_FORM_addr
	.byte	0                               @ EOM(1)
	.byte	0                               @ EOM(2)
	.byte	20                              @ Abbreviation Code
	.byte	46                              @ DW_TAG_subprogram
	.byte	1                               @ DW_CHILDREN_yes
	.byte	17                              @ DW_AT_low_pc
	.byte	1                               @ DW_FORM_addr
	.byte	18                              @ DW_AT_high_pc
	.byte	6                               @ DW_FORM_data4
	.byte	64                              @ DW_AT_frame_base
	.byte	24                              @ DW_FORM_exprloc
	.ascii	"\227B"                         @ DW_AT_GNU_all_call_sites
	.byte	25                              @ DW_FORM_flag_present
	.byte	3                               @ DW_AT_name
	.byte	14                              @ DW_FORM_strp
	.byte	58                              @ DW_AT_decl_file
	.byte	11                              @ DW_FORM_data1
	.byte	59                              @ DW_AT_decl_line
	.byte	11                              @ DW_FORM_data1
	.byte	39                              @ DW_AT_prototyped
	.byte	25                              @ DW_FORM_flag_present
	.byte	63                              @ DW_AT_external
	.byte	25                              @ DW_FORM_flag_present
	.byte	0                               @ EOM(1)
	.byte	0                               @ EOM(2)
	.byte	21                              @ Abbreviation Code
	.byte	11                              @ DW_TAG_lexical_block
	.byte	1                               @ DW_CHILDREN_yes
	.byte	17                              @ DW_AT_low_pc
	.byte	1                               @ DW_FORM_addr
	.byte	18                              @ DW_AT_high_pc
	.byte	6                               @ DW_FORM_data4
	.byte	0                               @ EOM(1)
	.byte	0                               @ EOM(2)
	.byte	22                              @ Abbreviation Code
	.byte	52                              @ DW_TAG_variable
	.byte	0                               @ DW_CHILDREN_no
	.byte	28                              @ DW_AT_const_value
	.byte	15                              @ DW_FORM_udata
	.byte	3                               @ DW_AT_name
	.byte	14                              @ DW_FORM_strp
	.byte	58                              @ DW_AT_decl_file
	.byte	11                              @ DW_FORM_data1
	.byte	59                              @ DW_AT_decl_line
	.byte	11                              @ DW_FORM_data1
	.byte	73                              @ DW_AT_type
	.byte	19                              @ DW_FORM_ref4
	.byte	0                               @ EOM(1)
	.byte	0                               @ EOM(2)
	.byte	0                               @ EOM(3)
	.section	.debug_info,"",%progbits
.Lcu_begin0:
	.long	.Ldebug_info_end0-.Ldebug_info_start0 @ Length of Unit
.Ldebug_info_start0:
	.short	4                               @ DWARF version number
	.long	.debug_abbrev                   @ Offset Into Abbrev. Section
	.byte	4                               @ Address Size (in bytes)
	.byte	1                               @ Abbrev [1] 0xb:0x43f DW_TAG_compile_unit
	.long	.Linfo_string0                  @ DW_AT_producer
	.short	1                               @ DW_AT_language
	.long	.Linfo_string1                  @ DW_AT_name
	.long	.Lline_table_start0             @ DW_AT_stmt_list
	.long	.Linfo_string2                  @ DW_AT_comp_dir
	.long	0                               @ DW_AT_low_pc
	.long	.Ldebug_ranges1                 @ DW_AT_ranges
	.byte	2                               @ Abbrev [2] 0x26:0x11 DW_TAG_variable
	.long	.Linfo_string3                  @ DW_AT_name
	.long	55                              @ DW_AT_type
                                        @ DW_AT_external
	.byte	2                               @ DW_AT_decl_file
	.byte	168                             @ DW_AT_decl_line
	.byte	5                               @ DW_AT_location
	.byte	3
	.long	Forixt
	.byte	3                               @ Abbrev [3] 0x37:0xb DW_TAG_typedef
	.long	66                              @ DW_AT_type
	.long	.Linfo_string5                  @ DW_AT_name
	.byte	1                               @ DW_AT_decl_file
	.byte	64                              @ DW_AT_decl_line
	.byte	4                               @ Abbrev [4] 0x42:0x7 DW_TAG_base_type
	.long	.Linfo_string4                  @ DW_AT_name
	.byte	7                               @ DW_AT_encoding
	.byte	4                               @ DW_AT_byte_size
	.byte	5                               @ Abbrev [5] 0x49:0x5 DW_TAG_pointer_type
	.long	78                              @ DW_AT_type
	.byte	6                               @ Abbrev [6] 0x4e:0xc DW_TAG_typedef
	.long	90                              @ DW_AT_type
	.long	.Linfo_string31                 @ DW_AT_name
	.byte	3                               @ DW_AT_decl_file
	.short	329                             @ DW_AT_decl_line
	.byte	7                               @ Abbrev [7] 0x5a:0x13d DW_TAG_structure_type
	.byte	228                             @ DW_AT_byte_size
	.byte	3                               @ DW_AT_decl_file
	.byte	27                              @ DW_AT_decl_line
	.byte	8                               @ Abbrev [8] 0x5e:0xd DW_TAG_member
	.long	.Linfo_string6                  @ DW_AT_name
	.long	407                             @ DW_AT_type
	.byte	3                               @ DW_AT_decl_file
	.short	293                             @ DW_AT_decl_line
	.byte	0                               @ DW_AT_data_member_location
	.byte	8                               @ Abbrev [8] 0x6b:0xd DW_TAG_member
	.long	.Linfo_string7                  @ DW_AT_name
	.long	407                             @ DW_AT_type
	.byte	3                               @ DW_AT_decl_file
	.short	294                             @ DW_AT_decl_line
	.byte	4                               @ DW_AT_data_member_location
	.byte	8                               @ Abbrev [8] 0x78:0xd DW_TAG_member
	.long	.Linfo_string8                  @ DW_AT_name
	.long	407                             @ DW_AT_type
	.byte	3                               @ DW_AT_decl_file
	.short	295                             @ DW_AT_decl_line
	.byte	8                               @ DW_AT_data_member_location
	.byte	8                               @ Abbrev [8] 0x85:0xd DW_TAG_member
	.long	.Linfo_string9                  @ DW_AT_name
	.long	407                             @ DW_AT_type
	.byte	3                               @ DW_AT_decl_file
	.short	296                             @ DW_AT_decl_line
	.byte	12                              @ DW_AT_data_member_location
	.byte	8                               @ Abbrev [8] 0x92:0xd DW_TAG_member
	.long	.Linfo_string10                 @ DW_AT_name
	.long	407                             @ DW_AT_type
	.byte	3                               @ DW_AT_decl_file
	.short	297                             @ DW_AT_decl_line
	.byte	16                              @ DW_AT_data_member_location
	.byte	8                               @ Abbrev [8] 0x9f:0xd DW_TAG_member
	.long	.Linfo_string11                 @ DW_AT_name
	.long	412                             @ DW_AT_type
	.byte	3                               @ DW_AT_decl_file
	.short	298                             @ DW_AT_decl_line
	.byte	20                              @ DW_AT_data_member_location
	.byte	8                               @ Abbrev [8] 0xac:0xd DW_TAG_member
	.long	.Linfo_string12                 @ DW_AT_name
	.long	407                             @ DW_AT_type
	.byte	3                               @ DW_AT_decl_file
	.short	299                             @ DW_AT_decl_line
	.byte	24                              @ DW_AT_data_member_location
	.byte	8                               @ Abbrev [8] 0xb9:0xd DW_TAG_member
	.long	.Linfo_string13                 @ DW_AT_name
	.long	417                             @ DW_AT_type
	.byte	3                               @ DW_AT_decl_file
	.short	301                             @ DW_AT_decl_line
	.byte	28                              @ DW_AT_data_member_location
	.byte	8                               @ Abbrev [8] 0xc6:0xd DW_TAG_member
	.long	.Linfo_string15                 @ DW_AT_name
	.long	407                             @ DW_AT_type
	.byte	3                               @ DW_AT_decl_file
	.short	303                             @ DW_AT_decl_line
	.byte	64                              @ DW_AT_data_member_location
	.byte	8                               @ Abbrev [8] 0xd3:0xd DW_TAG_member
	.long	.Linfo_string16                 @ DW_AT_name
	.long	436                             @ DW_AT_type
	.byte	3                               @ DW_AT_decl_file
	.short	305                             @ DW_AT_decl_line
	.byte	68                              @ DW_AT_data_member_location
	.byte	8                               @ Abbrev [8] 0xe0:0xd DW_TAG_member
	.long	.Linfo_string17                 @ DW_AT_name
	.long	407                             @ DW_AT_type
	.byte	3                               @ DW_AT_decl_file
	.short	307                             @ DW_AT_decl_line
	.byte	76                              @ DW_AT_data_member_location
	.byte	8                               @ Abbrev [8] 0xed:0xd DW_TAG_member
	.long	.Linfo_string18                 @ DW_AT_name
	.long	448                             @ DW_AT_type
	.byte	3                               @ DW_AT_decl_file
	.short	309                             @ DW_AT_decl_line
	.byte	80                              @ DW_AT_data_member_location
	.byte	8                               @ Abbrev [8] 0xfa:0xd DW_TAG_member
	.long	.Linfo_string19                 @ DW_AT_name
	.long	407                             @ DW_AT_type
	.byte	3                               @ DW_AT_decl_file
	.short	311                             @ DW_AT_decl_line
	.byte	128                             @ DW_AT_data_member_location
	.byte	8                               @ Abbrev [8] 0x107:0xd DW_TAG_member
	.long	.Linfo_string20                 @ DW_AT_name
	.long	407                             @ DW_AT_type
	.byte	3                               @ DW_AT_decl_file
	.short	312                             @ DW_AT_decl_line
	.byte	132                             @ DW_AT_data_member_location
	.byte	8                               @ Abbrev [8] 0x114:0xd DW_TAG_member
	.long	.Linfo_string21                 @ DW_AT_name
	.long	407                             @ DW_AT_type
	.byte	3                               @ DW_AT_decl_file
	.short	313                             @ DW_AT_decl_line
	.byte	136                             @ DW_AT_data_member_location
	.byte	8                               @ Abbrev [8] 0x121:0xd DW_TAG_member
	.long	.Linfo_string22                 @ DW_AT_name
	.long	407                             @ DW_AT_type
	.byte	3                               @ DW_AT_decl_file
	.short	314                             @ DW_AT_decl_line
	.byte	140                             @ DW_AT_data_member_location
	.byte	8                               @ Abbrev [8] 0x12e:0xd DW_TAG_member
	.long	.Linfo_string23                 @ DW_AT_name
	.long	448                             @ DW_AT_type
	.byte	3                               @ DW_AT_decl_file
	.short	316                             @ DW_AT_decl_line
	.byte	144                             @ DW_AT_data_member_location
	.byte	8                               @ Abbrev [8] 0x13b:0xd DW_TAG_member
	.long	.Linfo_string24                 @ DW_AT_name
	.long	412                             @ DW_AT_type
	.byte	3                               @ DW_AT_decl_file
	.short	318                             @ DW_AT_decl_line
	.byte	192                             @ DW_AT_data_member_location
	.byte	8                               @ Abbrev [8] 0x148:0xd DW_TAG_member
	.long	.Linfo_string25                 @ DW_AT_name
	.long	412                             @ DW_AT_type
	.byte	3                               @ DW_AT_decl_file
	.short	319                             @ DW_AT_decl_line
	.byte	196                             @ DW_AT_data_member_location
	.byte	8                               @ Abbrev [8] 0x155:0xd DW_TAG_member
	.long	.Linfo_string26                 @ DW_AT_name
	.long	436                             @ DW_AT_type
	.byte	3                               @ DW_AT_decl_file
	.short	321                             @ DW_AT_decl_line
	.byte	200                             @ DW_AT_data_member_location
	.byte	8                               @ Abbrev [8] 0x162:0xd DW_TAG_member
	.long	.Linfo_string27                 @ DW_AT_name
	.long	412                             @ DW_AT_type
	.byte	3                               @ DW_AT_decl_file
	.short	323                             @ DW_AT_decl_line
	.byte	208                             @ DW_AT_data_member_location
	.byte	8                               @ Abbrev [8] 0x16f:0xd DW_TAG_member
	.long	.Linfo_string28                 @ DW_AT_name
	.long	412                             @ DW_AT_type
	.byte	3                               @ DW_AT_decl_file
	.short	324                             @ DW_AT_decl_line
	.byte	212                             @ DW_AT_data_member_location
	.byte	8                               @ Abbrev [8] 0x17c:0xd DW_TAG_member
	.long	.Linfo_string29                 @ DW_AT_name
	.long	436                             @ DW_AT_type
	.byte	3                               @ DW_AT_decl_file
	.short	326                             @ DW_AT_decl_line
	.byte	216                             @ DW_AT_data_member_location
	.byte	8                               @ Abbrev [8] 0x189:0xd DW_TAG_member
	.long	.Linfo_string30                 @ DW_AT_name
	.long	412                             @ DW_AT_type
	.byte	3                               @ DW_AT_decl_file
	.short	328                             @ DW_AT_decl_line
	.byte	224                             @ DW_AT_data_member_location
	.byte	0                               @ End Of Children Mark
	.byte	9                               @ Abbrev [9] 0x197:0x5 DW_TAG_volatile_type
	.long	55                              @ DW_AT_type
	.byte	10                              @ Abbrev [10] 0x19c:0x5 DW_TAG_const_type
	.long	407                             @ DW_AT_type
	.byte	11                              @ Abbrev [11] 0x1a1:0xc DW_TAG_array_type
	.long	412                             @ DW_AT_type
	.byte	12                              @ Abbrev [12] 0x1a6:0x6 DW_TAG_subrange_type
	.long	429                             @ DW_AT_type
	.byte	9                               @ DW_AT_count
	.byte	0                               @ End Of Children Mark
	.byte	13                              @ Abbrev [13] 0x1ad:0x7 DW_TAG_base_type
	.long	.Linfo_string14                 @ DW_AT_name
	.byte	8                               @ DW_AT_byte_size
	.byte	7                               @ DW_AT_encoding
	.byte	11                              @ Abbrev [11] 0x1b4:0xc DW_TAG_array_type
	.long	412                             @ DW_AT_type
	.byte	12                              @ Abbrev [12] 0x1b9:0x6 DW_TAG_subrange_type
	.long	429                             @ DW_AT_type
	.byte	2                               @ DW_AT_count
	.byte	0                               @ End Of Children Mark
	.byte	11                              @ Abbrev [11] 0x1c0:0xc DW_TAG_array_type
	.long	412                             @ DW_AT_type
	.byte	12                              @ Abbrev [12] 0x1c5:0x6 DW_TAG_subrange_type
	.long	429                             @ DW_AT_type
	.byte	12                              @ DW_AT_count
	.byte	0                               @ End Of Children Mark
	.byte	14                              @ Abbrev [14] 0x1cc:0x74 DW_TAG_subprogram
	.long	.Lfunc_begin0                   @ DW_AT_low_pc
	.long	.Lfunc_end0-.Lfunc_begin0       @ DW_AT_high_pc
	.byte	1                               @ DW_AT_frame_base
	.byte	93
                                        @ DW_AT_GNU_all_call_sites
	.long	.Linfo_string32                 @ DW_AT_name
	.byte	2                               @ DW_AT_decl_file
	.byte	13                              @ DW_AT_decl_line
                                        @ DW_AT_prototyped
	.long	1085                            @ DW_AT_type
                                        @ DW_AT_external
	.byte	15                              @ Abbrev [15] 0x1e1:0xf DW_TAG_formal_parameter
	.long	.Ldebug_loc0                    @ DW_AT_location
	.long	.Linfo_string42                 @ DW_AT_name
	.byte	2                               @ DW_AT_decl_file
	.byte	13                              @ DW_AT_decl_line
	.long	66                              @ DW_AT_type
	.byte	15                              @ Abbrev [15] 0x1f0:0xf DW_TAG_formal_parameter
	.long	.Ldebug_loc1                    @ DW_AT_location
	.long	.Linfo_string43                 @ DW_AT_name
	.byte	2                               @ DW_AT_decl_file
	.byte	13                              @ DW_AT_decl_line
	.long	66                              @ DW_AT_type
	.byte	16                              @ Abbrev [16] 0x1ff:0xd DW_TAG_formal_parameter
	.byte	1                               @ DW_AT_location
	.byte	82
	.long	.Linfo_string44                 @ DW_AT_name
	.byte	2                               @ DW_AT_decl_file
	.byte	13                              @ DW_AT_decl_line
	.long	66                              @ DW_AT_type
	.byte	15                              @ Abbrev [15] 0x20c:0xf DW_TAG_formal_parameter
	.long	.Ldebug_loc2                    @ DW_AT_location
	.long	.Linfo_string45                 @ DW_AT_name
	.byte	2                               @ DW_AT_decl_file
	.byte	13                              @ DW_AT_decl_line
	.long	1092                            @ DW_AT_type
	.byte	17                              @ Abbrev [17] 0x21b:0xf DW_TAG_variable
	.long	.Ldebug_loc3                    @ DW_AT_location
	.long	.Linfo_string46                 @ DW_AT_name
	.byte	2                               @ DW_AT_decl_file
	.byte	15                              @ DW_AT_decl_line
	.long	66                              @ DW_AT_type
	.byte	18                              @ Abbrev [18] 0x22a:0x15 DW_TAG_lexical_block
	.long	.Ldebug_ranges0                 @ DW_AT_ranges
	.byte	17                              @ Abbrev [17] 0x22f:0xf DW_TAG_variable
	.long	.Ldebug_loc4                    @ DW_AT_location
	.long	.Linfo_string47                 @ DW_AT_name
	.byte	2                               @ DW_AT_decl_file
	.byte	32                              @ DW_AT_decl_line
	.long	66                              @ DW_AT_type
	.byte	0                               @ End Of Children Mark
	.byte	0                               @ End Of Children Mark
	.byte	14                              @ Abbrev [14] 0x240:0x34 DW_TAG_subprogram
	.long	.Lfunc_begin1                   @ DW_AT_low_pc
	.long	.Lfunc_end1-.Lfunc_begin1       @ DW_AT_high_pc
	.byte	1                               @ DW_AT_frame_base
	.byte	93
                                        @ DW_AT_GNU_all_call_sites
	.long	.Linfo_string34                 @ DW_AT_name
	.byte	2                               @ DW_AT_decl_file
	.byte	75                              @ DW_AT_decl_line
                                        @ DW_AT_prototyped
	.long	1085                            @ DW_AT_type
                                        @ DW_AT_external
	.byte	15                              @ Abbrev [15] 0x255:0xf DW_TAG_formal_parameter
	.long	.Ldebug_loc5                    @ DW_AT_location
	.long	.Linfo_string46                 @ DW_AT_name
	.byte	2                               @ DW_AT_decl_file
	.byte	75                              @ DW_AT_decl_line
	.long	66                              @ DW_AT_type
	.byte	15                              @ Abbrev [15] 0x264:0xf DW_TAG_formal_parameter
	.long	.Ldebug_loc6                    @ DW_AT_location
	.long	.Linfo_string48                 @ DW_AT_name
	.byte	2                               @ DW_AT_decl_file
	.byte	75                              @ DW_AT_decl_line
	.long	66                              @ DW_AT_type
	.byte	0                               @ End Of Children Mark
	.byte	14                              @ Abbrev [14] 0x274:0x3d DW_TAG_subprogram
	.long	.Lfunc_begin2                   @ DW_AT_low_pc
	.long	.Lfunc_end2-.Lfunc_begin2       @ DW_AT_high_pc
	.byte	1                               @ DW_AT_frame_base
	.byte	93
                                        @ DW_AT_GNU_all_call_sites
	.long	.Linfo_string35                 @ DW_AT_name
	.byte	2                               @ DW_AT_decl_file
	.byte	94                              @ DW_AT_decl_line
                                        @ DW_AT_prototyped
	.long	1085                            @ DW_AT_type
                                        @ DW_AT_external
	.byte	15                              @ Abbrev [15] 0x289:0xf DW_TAG_formal_parameter
	.long	.Ldebug_loc7                    @ DW_AT_location
	.long	.Linfo_string46                 @ DW_AT_name
	.byte	2                               @ DW_AT_decl_file
	.byte	94                              @ DW_AT_decl_line
	.long	66                              @ DW_AT_type
	.byte	15                              @ Abbrev [15] 0x298:0xf DW_TAG_formal_parameter
	.long	.Ldebug_loc8                    @ DW_AT_location
	.long	.Linfo_string45                 @ DW_AT_name
	.byte	2                               @ DW_AT_decl_file
	.byte	94                              @ DW_AT_decl_line
	.long	1092                            @ DW_AT_type
	.byte	19                              @ Abbrev [19] 0x2a7:0x9 DW_TAG_GNU_call_site
	.long	460                             @ DW_AT_abstract_origin
                                        @ DW_AT_GNU_tail_call
	.long	.Ltmp28                         @ DW_AT_low_pc
	.byte	0                               @ End Of Children Mark
	.byte	14                              @ Abbrev [14] 0x2b1:0x2e DW_TAG_subprogram
	.long	.Lfunc_begin3                   @ DW_AT_low_pc
	.long	.Lfunc_end3-.Lfunc_begin3       @ DW_AT_high_pc
	.byte	1                               @ DW_AT_frame_base
	.byte	93
                                        @ DW_AT_GNU_all_call_sites
	.long	.Linfo_string36                 @ DW_AT_name
	.byte	2                               @ DW_AT_decl_file
	.byte	112                             @ DW_AT_decl_line
                                        @ DW_AT_prototyped
	.long	1085                            @ DW_AT_type
                                        @ DW_AT_external
	.byte	15                              @ Abbrev [15] 0x2c6:0xf DW_TAG_formal_parameter
	.long	.Ldebug_loc9                    @ DW_AT_location
	.long	.Linfo_string46                 @ DW_AT_name
	.byte	2                               @ DW_AT_decl_file
	.byte	112                             @ DW_AT_decl_line
	.long	66                              @ DW_AT_type
	.byte	19                              @ Abbrev [19] 0x2d5:0x9 DW_TAG_GNU_call_site
	.long	460                             @ DW_AT_abstract_origin
                                        @ DW_AT_GNU_tail_call
	.long	.Ltmp31                         @ DW_AT_low_pc
	.byte	0                               @ End Of Children Mark
	.byte	20                              @ Abbrev [20] 0x2df:0x48 DW_TAG_subprogram
	.long	.Lfunc_begin4                   @ DW_AT_low_pc
	.long	.Lfunc_end4-.Lfunc_begin4       @ DW_AT_high_pc
	.byte	1                               @ DW_AT_frame_base
	.byte	93
                                        @ DW_AT_GNU_all_call_sites
	.long	.Linfo_string37                 @ DW_AT_name
	.byte	2                               @ DW_AT_decl_file
	.byte	117                             @ DW_AT_decl_line
                                        @ DW_AT_prototyped
                                        @ DW_AT_external
	.byte	15                              @ Abbrev [15] 0x2f0:0xf DW_TAG_formal_parameter
	.long	.Ldebug_loc10                   @ DW_AT_location
	.long	.Linfo_string43                 @ DW_AT_name
	.byte	2                               @ DW_AT_decl_file
	.byte	117                             @ DW_AT_decl_line
	.long	66                              @ DW_AT_type
	.byte	15                              @ Abbrev [15] 0x2ff:0xf DW_TAG_formal_parameter
	.long	.Ldebug_loc11                   @ DW_AT_location
	.long	.Linfo_string44                 @ DW_AT_name
	.byte	2                               @ DW_AT_decl_file
	.byte	117                             @ DW_AT_decl_line
	.long	66                              @ DW_AT_type
	.byte	15                              @ Abbrev [15] 0x30e:0xf DW_TAG_formal_parameter
	.long	.Ldebug_loc12                   @ DW_AT_location
	.long	.Linfo_string45                 @ DW_AT_name
	.byte	2                               @ DW_AT_decl_file
	.byte	117                             @ DW_AT_decl_line
	.long	1092                            @ DW_AT_type
	.byte	19                              @ Abbrev [19] 0x31d:0x9 DW_TAG_GNU_call_site
	.long	460                             @ DW_AT_abstract_origin
                                        @ DW_AT_GNU_tail_call
	.long	.Ltmp36                         @ DW_AT_low_pc
	.byte	0                               @ End Of Children Mark
	.byte	20                              @ Abbrev [20] 0x327:0x48 DW_TAG_subprogram
	.long	.Lfunc_begin5                   @ DW_AT_low_pc
	.long	.Lfunc_end5-.Lfunc_begin5       @ DW_AT_high_pc
	.byte	1                               @ DW_AT_frame_base
	.byte	93
                                        @ DW_AT_GNU_all_call_sites
	.long	.Linfo_string38                 @ DW_AT_name
	.byte	2                               @ DW_AT_decl_file
	.byte	123                             @ DW_AT_decl_line
                                        @ DW_AT_prototyped
                                        @ DW_AT_external
	.byte	15                              @ Abbrev [15] 0x338:0xf DW_TAG_formal_parameter
	.long	.Ldebug_loc13                   @ DW_AT_location
	.long	.Linfo_string43                 @ DW_AT_name
	.byte	2                               @ DW_AT_decl_file
	.byte	123                             @ DW_AT_decl_line
	.long	66                              @ DW_AT_type
	.byte	15                              @ Abbrev [15] 0x347:0xf DW_TAG_formal_parameter
	.long	.Ldebug_loc14                   @ DW_AT_location
	.long	.Linfo_string44                 @ DW_AT_name
	.byte	2                               @ DW_AT_decl_file
	.byte	123                             @ DW_AT_decl_line
	.long	66                              @ DW_AT_type
	.byte	15                              @ Abbrev [15] 0x356:0xf DW_TAG_formal_parameter
	.long	.Ldebug_loc15                   @ DW_AT_location
	.long	.Linfo_string45                 @ DW_AT_name
	.byte	2                               @ DW_AT_decl_file
	.byte	123                             @ DW_AT_decl_line
	.long	1092                            @ DW_AT_type
	.byte	19                              @ Abbrev [19] 0x365:0x9 DW_TAG_GNU_call_site
	.long	460                             @ DW_AT_abstract_origin
                                        @ DW_AT_GNU_tail_call
	.long	.Ltmp42                         @ DW_AT_low_pc
	.byte	0                               @ End Of Children Mark
	.byte	14                              @ Abbrev [14] 0x36f:0x66 DW_TAG_subprogram
	.long	.Lfunc_begin6                   @ DW_AT_low_pc
	.long	.Lfunc_end6-.Lfunc_begin6       @ DW_AT_high_pc
	.byte	1                               @ DW_AT_frame_base
	.byte	93
                                        @ DW_AT_GNU_all_call_sites
	.long	.Linfo_string39                 @ DW_AT_name
	.byte	2                               @ DW_AT_decl_file
	.byte	132                             @ DW_AT_decl_line
                                        @ DW_AT_prototyped
	.long	1085                            @ DW_AT_type
                                        @ DW_AT_external
	.byte	15                              @ Abbrev [15] 0x384:0xf DW_TAG_formal_parameter
	.long	.Ldebug_loc16                   @ DW_AT_location
	.long	.Linfo_string43                 @ DW_AT_name
	.byte	2                               @ DW_AT_decl_file
	.byte	132                             @ DW_AT_decl_line
	.long	66                              @ DW_AT_type
	.byte	15                              @ Abbrev [15] 0x393:0xf DW_TAG_formal_parameter
	.long	.Ldebug_loc17                   @ DW_AT_location
	.long	.Linfo_string49                 @ DW_AT_name
	.byte	2                               @ DW_AT_decl_file
	.byte	132                             @ DW_AT_decl_line
	.long	66                              @ DW_AT_type
	.byte	17                              @ Abbrev [17] 0x3a2:0xf DW_TAG_variable
	.long	.Ldebug_loc18                   @ DW_AT_location
	.long	.Linfo_string46                 @ DW_AT_name
	.byte	2                               @ DW_AT_decl_file
	.byte	134                             @ DW_AT_decl_line
	.long	66                              @ DW_AT_type
	.byte	21                              @ Abbrev [21] 0x3b1:0x23 DW_TAG_lexical_block
	.long	.Ltmp46                         @ DW_AT_low_pc
	.long	.Ltmp55-.Ltmp46                 @ DW_AT_high_pc
	.byte	22                              @ Abbrev [22] 0x3ba:0xc DW_TAG_variable
	.byte	34                              @ DW_AT_const_value
	.long	.Linfo_string42                 @ DW_AT_name
	.byte	2                               @ DW_AT_decl_file
	.byte	141                             @ DW_AT_decl_line
	.long	66                              @ DW_AT_type
	.byte	22                              @ Abbrev [22] 0x3c6:0xd DW_TAG_variable
	.ascii	"\200\004"                      @ DW_AT_const_value
	.long	.Linfo_string50                 @ DW_AT_name
	.byte	2                               @ DW_AT_decl_file
	.byte	141                             @ DW_AT_decl_line
	.long	66                              @ DW_AT_type
	.byte	0                               @ End Of Children Mark
	.byte	0                               @ End Of Children Mark
	.byte	20                              @ Abbrev [20] 0x3d5:0x2c DW_TAG_subprogram
	.long	.Lfunc_begin7                   @ DW_AT_low_pc
	.long	.Lfunc_end7-.Lfunc_begin7       @ DW_AT_high_pc
	.byte	1                               @ DW_AT_frame_base
	.byte	93
                                        @ DW_AT_GNU_all_call_sites
	.long	.Linfo_string40                 @ DW_AT_name
	.byte	2                               @ DW_AT_decl_file
	.byte	169                             @ DW_AT_decl_line
                                        @ DW_AT_prototyped
                                        @ DW_AT_external
	.byte	16                              @ Abbrev [16] 0x3e6:0xd DW_TAG_formal_parameter
	.byte	1                               @ DW_AT_location
	.byte	80
	.long	.Linfo_string51                 @ DW_AT_name
	.byte	2                               @ DW_AT_decl_file
	.byte	169                             @ DW_AT_decl_line
	.long	66                              @ DW_AT_type
	.byte	16                              @ Abbrev [16] 0x3f3:0xd DW_TAG_formal_parameter
	.byte	1                               @ DW_AT_location
	.byte	81
	.long	.Linfo_string52                 @ DW_AT_name
	.byte	2                               @ DW_AT_decl_file
	.byte	169                             @ DW_AT_decl_line
	.long	66                              @ DW_AT_type
	.byte	0                               @ End Of Children Mark
	.byte	20                              @ Abbrev [20] 0x401:0x3c DW_TAG_subprogram
	.long	.Lfunc_begin8                   @ DW_AT_low_pc
	.long	.Lfunc_end8-.Lfunc_begin8       @ DW_AT_high_pc
	.byte	1                               @ DW_AT_frame_base
	.byte	93
                                        @ DW_AT_GNU_all_call_sites
	.long	.Linfo_string41                 @ DW_AT_name
	.byte	2                               @ DW_AT_decl_file
	.byte	192                             @ DW_AT_decl_line
                                        @ DW_AT_prototyped
                                        @ DW_AT_external
	.byte	15                              @ Abbrev [15] 0x412:0xf DW_TAG_formal_parameter
	.long	.Ldebug_loc19                   @ DW_AT_location
	.long	.Linfo_string45                 @ DW_AT_name
	.byte	2                               @ DW_AT_decl_file
	.byte	192                             @ DW_AT_decl_line
	.long	1092                            @ DW_AT_type
	.byte	15                              @ Abbrev [15] 0x421:0xf DW_TAG_formal_parameter
	.long	.Ldebug_loc20                   @ DW_AT_location
	.long	.Linfo_string53                 @ DW_AT_name
	.byte	2                               @ DW_AT_decl_file
	.byte	192                             @ DW_AT_decl_line
	.long	1092                            @ DW_AT_type
	.byte	22                              @ Abbrev [22] 0x430:0xc DW_TAG_variable
	.byte	16                              @ DW_AT_const_value
	.long	.Linfo_string50                 @ DW_AT_name
	.byte	2                               @ DW_AT_decl_file
	.byte	194                             @ DW_AT_decl_line
	.long	66                              @ DW_AT_type
	.byte	0                               @ End Of Children Mark
	.byte	4                               @ Abbrev [4] 0x43d:0x7 DW_TAG_base_type
	.long	.Linfo_string33                 @ DW_AT_name
	.byte	5                               @ DW_AT_encoding
	.byte	4                               @ DW_AT_byte_size
	.byte	5                               @ Abbrev [5] 0x444:0x5 DW_TAG_pointer_type
	.long	66                              @ DW_AT_type
	.byte	0                               @ End Of Children Mark
.Ldebug_info_end0:
	.section	.debug_ranges,"",%progbits
.Ldebug_ranges0:
	.long	.Ltmp3
	.long	.Ltmp17
	.long	.Ltmp18
	.long	.Ltmp19
	.long	0
	.long	0
.Ldebug_ranges1:
	.long	.Lfunc_begin0
	.long	.Lfunc_end0
	.long	.Lfunc_begin1
	.long	.Lfunc_end1
	.long	.Lfunc_begin2
	.long	.Lfunc_end2
	.long	.Lfunc_begin3
	.long	.Lfunc_end3
	.long	.Lfunc_begin4
	.long	.Lfunc_end4
	.long	.Lfunc_begin5
	.long	.Lfunc_end5
	.long	.Lfunc_begin6
	.long	.Lfunc_end6
	.long	.Lfunc_begin7
	.long	.Lfunc_end7
	.long	.Lfunc_begin8
	.long	.Lfunc_end8
	.long	0
	.long	0
	.section	.debug_str,"MS",%progbits,1
.Linfo_string0:
	.asciz	"Component: Arm Compiler for Embedded 6.18 Tool: armclang [5e4cca00]" @ string offset=0
.Linfo_string1:
	.asciz	"..\\fmc_user.c"                @ string offset=68
.Linfo_string2:
	.asciz	"D:\\Github Projeleri\\Bootloader\\Nuvoton\\KEIL" @ string offset=82
.Linfo_string3:
	.asciz	"Forixt"                        @ string offset=126
.Linfo_string4:
	.asciz	"unsigned int"                  @ string offset=133
.Linfo_string5:
	.asciz	"uint32_t"                      @ string offset=146
.Linfo_string6:
	.asciz	"ISPCTL"                        @ string offset=155
.Linfo_string7:
	.asciz	"ISPADDR"                       @ string offset=162
.Linfo_string8:
	.asciz	"ISPDAT"                        @ string offset=170
.Linfo_string9:
	.asciz	"ISPCMD"                        @ string offset=177
.Linfo_string10:
	.asciz	"ISPTRG"                        @ string offset=184
.Linfo_string11:
	.asciz	"RESERVE0"                      @ string offset=191
.Linfo_string12:
	.asciz	"FTCTL"                         @ string offset=200
.Linfo_string13:
	.asciz	"RESERVE1"                      @ string offset=206
.Linfo_string14:
	.asciz	"__ARRAY_SIZE_TYPE__"           @ string offset=215
.Linfo_string15:
	.asciz	"ISPSTS"                        @ string offset=235
.Linfo_string16:
	.asciz	"RESERVE2"                      @ string offset=242
.Linfo_string17:
	.asciz	"CYCCTL"                        @ string offset=251
.Linfo_string18:
	.asciz	"RESERVE3"                      @ string offset=258
.Linfo_string19:
	.asciz	"MPDAT0"                        @ string offset=267
.Linfo_string20:
	.asciz	"MPDAT1"                        @ string offset=274
.Linfo_string21:
	.asciz	"MPDAT2"                        @ string offset=281
.Linfo_string22:
	.asciz	"MPDAT3"                        @ string offset=288
.Linfo_string23:
	.asciz	"RESERVE4"                      @ string offset=295
.Linfo_string24:
	.asciz	"MPSTS"                         @ string offset=304
.Linfo_string25:
	.asciz	"MPADDR"                        @ string offset=310
.Linfo_string26:
	.asciz	"RESERVE5"                      @ string offset=317
.Linfo_string27:
	.asciz	"XOMR0STS0"                     @ string offset=326
.Linfo_string28:
	.asciz	"XOMR0STS1"                     @ string offset=336
.Linfo_string29:
	.asciz	"RESERVE6"                      @ string offset=346
.Linfo_string30:
	.asciz	"XOMSTS"                        @ string offset=355
.Linfo_string31:
	.asciz	"FMC_T"                         @ string offset=362
.Linfo_string32:
	.asciz	"FMC_Proc"                      @ string offset=368
.Linfo_string33:
	.asciz	"int"                           @ string offset=377
.Linfo_string34:
	.asciz	"FMC_Write_User"                @ string offset=381
.Linfo_string35:
	.asciz	"FMC_Read_User"                 @ string offset=396
.Linfo_string36:
	.asciz	"FMC_Erase_User"                @ string offset=410
.Linfo_string37:
	.asciz	"ReadData"                      @ string offset=425
.Linfo_string38:
	.asciz	"WriteData"                     @ string offset=434
.Linfo_string39:
	.asciz	"EraseAP"                       @ string offset=444
.Linfo_string40:
	.asciz	"Flash_Sil"                     @ string offset=452
.Linfo_string41:
	.asciz	"UpdateConfig"                  @ string offset=462
.Linfo_string42:
	.asciz	"u32Cmd"                        @ string offset=475
.Linfo_string43:
	.asciz	"addr_start"                    @ string offset=482
.Linfo_string44:
	.asciz	"addr_end"                      @ string offset=493
.Linfo_string45:
	.asciz	"data"                          @ string offset=502
.Linfo_string46:
	.asciz	"u32Addr"                       @ string offset=507
.Linfo_string47:
	.asciz	"Reg"                           @ string offset=515
.Linfo_string48:
	.asciz	"u32Data"                       @ string offset=519
.Linfo_string49:
	.asciz	"size"                          @ string offset=527
.Linfo_string50:
	.asciz	"u32Size"                       @ string offset=532
.Linfo_string51:
	.asciz	"PageStartAdres"                @ string offset=540
.Linfo_string52:
	.asciz	"SilinecekSayfaSayisi"          @ string offset=555
.Linfo_string53:
	.asciz	"res"                           @ string offset=576
	.ident	"Component: Arm Compiler for Embedded 6.18 Tool: armclang [5e4cca00]"
	.section	".note.GNU-stack","",%progbits
	.eabi_attribute	30, 4	@ Tag_ABI_optimization_goals
	.ARM_attribute	16, 1	@ Tag_AV_eba
	.section	.debug_line,"",%progbits
.Lline_table_start0:
